
**** Build of configuration Debug for project lab4_debounce_MSP430F5529 ****

"C:\\ti\\ccsv7\\utils\\bin\\gmake" -k -j 4 all -O 
'Building file: ../main.c'
'Invoking: MSP430 Compiler'
"C:/ti/ccsv7/tools/compiler/ti-cgt-msp430_16.9.4.LTS/bin/cl430" -vmspx --data_model=restricted --use_hw_mpy=F5 --include_path="C:/ti/ccsv7/ccs_base/msp430/include" --include_path="C:/Users/nomad/OneDrive/Documents/School/Rowan/Embedded/Lab 4/Debouncing/lab4_debounce_MSP430F5529" --include_path="C:/ti/ccsv7/tools/compiler/ti-cgt-msp430_16.9.4.LTS/include" --advice:power=all --define=__MSP430F5529__ -g --printf_support=minimal --diag_warning=225 --diag_wrap=off --display_error_number --silicon_errata=CPU21 --silicon_errata=CPU22 --silicon_errata=CPU23 --silicon_errata=CPU40 --preproc_with_compile --preproc_dependency="main.d"  "../main.c"
"../main.c", line 49: warning #112-D: statement is unreachable
'Finished building: ../main.c'
' '
'Building target: lab4_debounce_MSP430F5529.out'
'Invoking: MSP430 Linker'
"C:/ti/ccsv7/tools/compiler/ti-cgt-msp430_16.9.4.LTS/bin/cl430" -vmspx --data_model=restricted --use_hw_mpy=F5 --advice:power=all --define=__MSP430F5529__ -g --printf_support=minimal --diag_warning=225 --diag_wrap=off --display_error_number --silicon_errata=CPU21 --silicon_errata=CPU22 --silicon_errata=CPU23 --silicon_errata=CPU40 -z -m"lab4_debounce_MSP430F5529.map" --heap_size=160 --stack_size=160 --cinit_hold_wdt=on -i"C:/ti/ccsv7/ccs_base/msp430/include" -i"C:/ti/ccsv7/ccs_base/msp430/lib/5xx_6xx_FRxx" -i"C:/ti/ccsv7/tools/compiler/ti-cgt-msp430_16.9.4.LTS/lib" -i"C:/ti/ccsv7/tools/compiler/ti-cgt-msp430_16.9.4.LTS/include" --reread_libs --diag_wrap=off --display_error_number --warn_sections --xml_link_info="lab4_debounce_MSP430F5529_linkInfo.xml" --use_hw_mpy=F5 --rom_model -o "lab4_debounce_MSP430F5529.out" "./main.obj" "../lnk_msp430f5529.cmd"  -llibmath.a -llibc.a 
<Linking>
remark #10372-D: (ULP 4.1) Detected uninitialized Port A in this project. Recommend initializing all unused ports to eliminate wasted current consumption on unused pins.
remark #10372-D: (ULP 4.1) Detected uninitialized Port B in this project. Recommend initializing all unused ports to eliminate wasted current consumption on unused pins.
remark #10372-D: (ULP 4.1) Detected uninitialized Port C in this project. Recommend initializing all unused ports to eliminate wasted current consumption on unused pins.
remark #10372-D: (ULP 4.1) Detected uninitialized Port D in this project. Recommend initializing all unused ports to eliminate wasted current consumption on unused pins.
'Finished building target: lab4_debounce_MSP430F5529.out'
' '

**** Build Finished ****

**** Build of configuration Debug for project lab4_debounce_MSP430F5529 ****

"C:\\ti\\ccsv7\\utils\\bin\\gmake" -k -j 4 all -O 
'Building file: ../main.c'
'Invoking: MSP430 Compiler'
"C:/ti/ccsv7/tools/compiler/ti-cgt-msp430_16.9.4.LTS/bin/cl430" -vmspx --data_model=restricted --use_hw_mpy=F5 --include_path="C:/ti/ccsv7/ccs_base/msp430/include" --include_path="C:/Users/nomad/OneDrive/Documents/School/Rowan/Embedded/Lab 4/Debouncing/lab4_debounce_MSP430F5529" --include_path="C:/ti/ccsv7/tools/compiler/ti-cgt-msp430_16.9.4.LTS/include" --advice:power=all --define=__MSP430F5529__ -g --printf_support=minimal --diag_warning=225 --diag_wrap=off --display_error_number --silicon_errata=CPU21 --silicon_errata=CPU22 --silicon_errata=CPU23 --silicon_errata=CPU40 --preproc_with_compile --preproc_dependency="main.d"  "../main.c"
"../main.c", line 50: warning #112-D: statement is unreachable
'Finished building: ../main.c'
' '
'Building target: lab4_debounce_MSP430F5529.out'
'Invoking: MSP430 Linker'
"C:/ti/ccsv7/tools/compiler/ti-cgt-msp430_16.9.4.LTS/bin/cl430" -vmspx --data_model=restricted --use_hw_mpy=F5 --advice:power=all --define=__MSP430F5529__ -g --printf_support=minimal --diag_warning=225 --diag_wrap=off --display_error_number --silicon_errata=CPU21 --silicon_errata=CPU22 --silicon_errata=CPU23 --silicon_errata=CPU40 -z -m"lab4_debounce_MSP430F5529.map" --heap_size=160 --stack_size=160 --cinit_hold_wdt=on -i"C:/ti/ccsv7/ccs_base/msp430/include" -i"C:/ti/ccsv7/ccs_base/msp430/lib/5xx_6xx_FRxx" -i"C:/ti/ccsv7/tools/compiler/ti-cgt-msp430_16.9.4.LTS/lib" -i"C:/ti/ccsv7/tools/compiler/ti-cgt-msp430_16.9.4.LTS/include" --reread_libs --diag_wrap=off --display_error_number --warn_sections --xml_link_info="lab4_debounce_MSP430F5529_linkInfo.xml" --use_hw_mpy=F5 --rom_model -o "lab4_debounce_MSP430F5529.out" "./main.obj" "../lnk_msp430f5529.cmd"  -llibmath.a -llibc.a 
<Linking>
remark #10372-D: (ULP 4.1) Detected uninitialized Port A in this project. Recommend initializing all unused ports to eliminate wasted current consumption on unused pins.
remark #10372-D: (ULP 4.1) Detected uninitialized Port B in this project. Recommend initializing all unused ports to eliminate wasted current consumption on unused pins.
remark #10372-D: (ULP 4.1) Detected uninitialized Port C in this project. Recommend initializing all unused ports to eliminate wasted current consumption on unused pins.
remark #10372-D: (ULP 4.1) Detected uninitialized Port D in this project. Recommend initializing all unused ports to eliminate wasted current consumption on unused pins.
'Finished building target: lab4_debounce_MSP430F5529.out'
' '

**** Build Finished ****

**** Build of configuration Debug for project lab4_debounce_MSP430F5529 ****

"C:\\ti\\ccsv7\\utils\\bin\\gmake" -k -j 4 all -O 
'Building file: ../main.c'
'Invoking: MSP430 Compiler'
"C:/ti/ccsv7/tools/compiler/ti-cgt-msp430_16.9.4.LTS/bin/cl430" -vmspx --data_model=restricted --use_hw_mpy=F5 --include_path="C:/ti/ccsv7/ccs_base/msp430/include" --include_path="C:/Users/nomad/OneDrive/Documents/School/Rowan/Embedded/Lab 4/Debouncing/lab4_debounce_MSP430F5529" --include_path="C:/ti/ccsv7/tools/compiler/ti-cgt-msp430_16.9.4.LTS/include" --advice:power=all --define=__MSP430F5529__ -g --printf_support=minimal --diag_warning=225 --diag_wrap=off --display_error_number --silicon_errata=CPU21 --silicon_errata=CPU22 --silicon_errata=CPU23 --silicon_errata=CPU40 --preproc_with_compile --preproc_dependency="main.d"  "../main.c"
"../main.c", line 48: warning #225-D: function "__enable_interrupts" declared implicitly
"../main.c", line 52: warning #112-D: statement is unreachable
'Finished building: ../main.c'
' '
'Building target: lab4_debounce_MSP430F5529.out'
'Invoking: MSP430 Linker'
"C:/ti/ccsv7/tools/compiler/ti-cgt-msp430_16.9.4.LTS/bin/cl430" -vmspx --data_model=restricted --use_hw_mpy=F5 --advice:power=all --define=__MSP430F5529__ -g --printf_support=minimal --diag_warning=225 --diag_wrap=off --display_error_number --silicon_errata=CPU21 --silicon_errata=CPU22 --silicon_errata=CPU23 --silicon_errata=CPU40 -z -m"lab4_debounce_MSP430F5529.map" --heap_size=160 --stack_size=160 --cinit_hold_wdt=on -i"C:/ti/ccsv7/ccs_base/msp430/include" -i"C:/ti/ccsv7/ccs_base/msp430/lib/5xx_6xx_FRxx" -i"C:/ti/ccsv7/tools/compiler/ti-cgt-msp430_16.9.4.LTS/lib" -i"C:/ti/ccsv7/tools/compiler/ti-cgt-msp430_16.9.4.LTS/include" --reread_libs --diag_wrap=off --display_error_number --warn_sections --xml_link_info="lab4_debounce_MSP430F5529_linkInfo.xml" --use_hw_mpy=F5 --rom_model -o "lab4_debounce_MSP430F5529.out" "./main.obj" "../lnk_msp430f5529.cmd"  -llibmath.a -llibc.a 
<Linking>

remark #10372-D: (ULP 4.1) Detected uninitialized Port A in this project. Recommend initializing all unused ports to eliminate wasted current consumption on unused pins.
 undefined           first referenced
remark #10372-D: (ULP 4.1) Detected uninitialized Port B in this project. Recommend initializing all unused ports to eliminate wasted current consumption on unused pins.
remark #10372-D: (ULP 4.1) Detected uninitialized Port C in this project. Recommend initializing all unused ports to eliminate wasted current consumption on unused pins.
remark #10372-D: (ULP 4.1) Detected uninitialized Port D in this project. Recommend initializing all unused ports to eliminate wasted current consumption on unused pins.

>> Compilation failure
makefile:142: recipe for target 'lab4_debounce_MSP430F5529.out' failed
  symbol                 in file     
 ---------           ----------------
 __enable_interrupts ./main.obj      

error #10234-D: unresolved symbols remain
error #10010: errors encountered during linking; "lab4_debounce_MSP430F5529.out" not built
gmake[1]: *** [lab4_debounce_MSP430F5529.out] Error 1
gmake: *** [all] Error 2
makefile:138: recipe for target 'all' failed

**** Build Finished ****

**** Build of configuration Debug for project lab4_debounce_MSP430F5529 ****

"C:\\ti\\ccsv7\\utils\\bin\\gmake" -k -j 4 all -O 
'Building file: ../main.c'
'Invoking: MSP430 Compiler'
"C:/ti/ccsv7/tools/compiler/ti-cgt-msp430_16.9.4.LTS/bin/cl430" -vmspx --data_model=restricted --use_hw_mpy=F5 --include_path="C:/ti/ccsv7/ccs_base/msp430/include" --include_path="C:/Users/nomad/OneDrive/Documents/School/Rowan/Embedded/Lab 4/Debouncing/lab4_debounce_MSP430F5529" --include_path="C:/ti/ccsv7/tools/compiler/ti-cgt-msp430_16.9.4.LTS/include" --advice:power=all --define=__MSP430F5529__ -g --printf_support=minimal --diag_warning=225 --diag_wrap=off --display_error_number --silicon_errata=CPU21 --silicon_errata=CPU22 --silicon_errata=CPU23 --silicon_errata=CPU40 --preproc_with_compile --preproc_dependency="main.d"  "../main.c"
"../main.c", line 52: warning #112-D: statement is unreachable
'Finished building: ../main.c'
' '
'Building target: lab4_debounce_MSP430F5529.out'
'Invoking: MSP430 Linker'
"C:/ti/ccsv7/tools/compiler/ti-cgt-msp430_16.9.4.LTS/bin/cl430" -vmspx --data_model=restricted --use_hw_mpy=F5 --advice:power=all --define=__MSP430F5529__ -g --printf_support=minimal --diag_warning=225 --diag_wrap=off --display_error_number --silicon_errata=CPU21 --silicon_errata=CPU22 --silicon_errata=CPU23 --silicon_errata=CPU40 -z -m"lab4_debounce_MSP430F5529.map" --heap_size=160 --stack_size=160 --cinit_hold_wdt=on -i"C:/ti/ccsv7/ccs_base/msp430/include" -i"C:/ti/ccsv7/ccs_base/msp430/lib/5xx_6xx_FRxx" -i"C:/ti/ccsv7/tools/compiler/ti-cgt-msp430_16.9.4.LTS/lib" -i"C:/ti/ccsv7/tools/compiler/ti-cgt-msp430_16.9.4.LTS/include" --reread_libs --diag_wrap=off --display_error_number --warn_sections --xml_link_info="lab4_debounce_MSP430F5529_linkInfo.xml" --use_hw_mpy=F5 --rom_model -o "lab4_debounce_MSP430F5529.out" "./main.obj" "../lnk_msp430f5529.cmd"  -llibmath.a -llibc.a 
<Linking>
remark #10372-D: (ULP 4.1) Detected uninitialized Port A in this project. Recommend initializing all unused ports to eliminate wasted current consumption on unused pins.
remark #10372-D: (ULP 4.1) Detected uninitialized Port B in this project. Recommend initializing all unused ports to eliminate wasted current consumption on unused pins.
remark #10372-D: (ULP 4.1) Detected uninitialized Port C in this project. Recommend initializing all unused ports to eliminate wasted current consumption on unused pins.
remark #10372-D: (ULP 4.1) Detected uninitialized Port D in this project. Recommend initializing all unused ports to eliminate wasted current consumption on unused pins.
'Finished building target: lab4_debounce_MSP430F5529.out'
' '

**** Build Finished ****

**** Build of configuration Debug for project lab4_debounce_MSP430F5529 ****

"C:\\ti\\ccsv7\\utils\\bin\\gmake" -k -j 4 all -O 
'Building file: ../main.c'
'Invoking: MSP430 Compiler'
"C:/ti/ccsv7/tools/compiler/ti-cgt-msp430_16.9.4.LTS/bin/cl430" -vmspx --data_model=restricted --use_hw_mpy=F5 --include_path="C:/ti/ccsv7/ccs_base/msp430/include" --include_path="C:/Users/nomad/OneDrive/Documents/School/Rowan/Embedded/Lab 4/Debouncing/lab4_debounce_MSP430F5529" --include_path="C:/ti/ccsv7/tools/compiler/ti-cgt-msp430_16.9.4.LTS/include" --advice:power=all --define=__MSP430F5529__ -g --printf_support=minimal --diag_warning=225 --diag_wrap=off --display_error_number --silicon_errata=CPU21 --silicon_errata=CPU22 --silicon_errata=CPU23 --silicon_errata=CPU40 --preproc_with_compile --preproc_dependency="main.d"  "../main.c"
"../main.c", line 52: warning #112-D: statement is unreachable
'Finished building: ../main.c'
' '
'Building target: lab4_debounce_MSP430F5529.out'
'Invoking: MSP430 Linker'
"C:/ti/ccsv7/tools/compiler/ti-cgt-msp430_16.9.4.LTS/bin/cl430" -vmspx --data_model=restricted --use_hw_mpy=F5 --advice:power=all --define=__MSP430F5529__ -g --printf_support=minimal --diag_warning=225 --diag_wrap=off --display_error_number --silicon_errata=CPU21 --silicon_errata=CPU22 --silicon_errata=CPU23 --silicon_errata=CPU40 -z -m"lab4_debounce_MSP430F5529.map" --heap_size=160 --stack_size=160 --cinit_hold_wdt=on -i"C:/ti/ccsv7/ccs_base/msp430/include" -i"C:/ti/ccsv7/ccs_base/msp430/lib/5xx_6xx_FRxx" -i"C:/ti/ccsv7/tools/compiler/ti-cgt-msp430_16.9.4.LTS/lib" -i"C:/ti/ccsv7/tools/compiler/ti-cgt-msp430_16.9.4.LTS/include" --reread_libs --diag_wrap=off --display_error_number --warn_sections --xml_link_info="lab4_debounce_MSP430F5529_linkInfo.xml" --use_hw_mpy=F5 --rom_model -o "lab4_debounce_MSP430F5529.out" "./main.obj" "../lnk_msp430f5529.cmd"  -llibmath.a -llibc.a 
<Linking>
remark #10372-D: (ULP 4.1) Detected uninitialized Port A in this project. Recommend initializing all unused ports to eliminate wasted current consumption on unused pins.
remark #10372-D: (ULP 4.1) Detected uninitialized Port B in this project. Recommend initializing all unused ports to eliminate wasted current consumption on unused pins.
remark #10372-D: (ULP 4.1) Detected uninitialized Port C in this project. Recommend initializing all unused ports to eliminate wasted current consumption on unused pins.
remark #10372-D: (ULP 4.1) Detected uninitialized Port D in this project. Recommend initializing all unused ports to eliminate wasted current consumption on unused pins.
'Finished building target: lab4_debounce_MSP430F5529.out'
' '

**** Build Finished ****

**** Build of configuration Debug for project lab4_debounce_MSP430F5529 ****

"C:\\ti\\ccsv7\\utils\\bin\\gmake" -k -j 4 all -O 
'Building file: ../main.c'
'Invoking: MSP430 Compiler'
"C:/ti/ccsv7/tools/compiler/ti-cgt-msp430_16.9.4.LTS/bin/cl430" -vmspx --data_model=restricted --use_hw_mpy=F5 --include_path="C:/ti/ccsv7/ccs_base/msp430/include" --include_path="C:/Users/nomad/OneDrive/Documents/School/Rowan/Embedded/Lab 4/Debouncing/lab4_debounce_MSP430F5529" --include_path="C:/ti/ccsv7/tools/compiler/ti-cgt-msp430_16.9.4.LTS/include" --advice:power=all --define=__MSP430F5529__ -g --printf_support=minimal --diag_warning=225 --diag_wrap=off --display_error_number --silicon_errata=CPU21 --silicon_errata=CPU22 --silicon_errata=CPU23 --silicon_errata=CPU40 --preproc_with_compile --preproc_dependency="main.d"  "../main.c"
'Finished building: ../main.c'
' '
'Building target: lab4_debounce_MSP430F5529.out'
'Invoking: MSP430 Linker'
"C:/ti/ccsv7/tools/compiler/ti-cgt-msp430_16.9.4.LTS/bin/cl430" -vmspx --data_model=restricted --use_hw_mpy=F5 --advice:power=all --define=__MSP430F5529__ -g --printf_support=minimal --diag_warning=225 --diag_wrap=off --display_error_number --silicon_errata=CPU21 --silicon_errata=CPU22 --silicon_errata=CPU23 --silicon_errata=CPU40 -z -m"lab4_debounce_MSP430F5529.map" --heap_size=160 --stack_size=160 --cinit_hold_wdt=on -i"C:/ti/ccsv7/ccs_base/msp430/include" -i"C:/ti/ccsv7/ccs_base/msp430/lib/5xx_6xx_FRxx" -i"C:/ti/ccsv7/tools/compiler/ti-cgt-msp430_16.9.4.LTS/lib" -i"C:/ti/ccsv7/tools/compiler/ti-cgt-msp430_16.9.4.LTS/include" --reread_libs --diag_wrap=off --display_error_number --warn_sections --xml_link_info="lab4_debounce_MSP430F5529_linkInfo.xml" --use_hw_mpy=F5 --rom_model -o "lab4_debounce_MSP430F5529.out" "./main.obj" "../lnk_msp430f5529.cmd"  -llibmath.a -llibc.a 
<Linking>
remark #10372-D: (ULP 4.1) Detected uninitialized Port B in this project. Recommend initializing all unused ports to eliminate wasted current consumption on unused pins.
remark #10372-D: (ULP 4.1) Detected uninitialized Port C in this project. Recommend initializing all unused ports to eliminate wasted current consumption on unused pins.
remark #10372-D: (ULP 4.1) Detected uninitialized Port D in this project. Recommend initializing all unused ports to eliminate wasted current consumption on unused pins.
'Finished building target: lab4_debounce_MSP430F5529.out'
' '

**** Build Finished ****

**** Build of configuration Debug for project FR2311 ****

"C:\\ti\\ccsv7\\utils\\bin\\gmake" -k -j 4 all -O 
'Building file: ../main.c'
'Invoking: MSP430 Compiler'
"C:/ti/ccsv7/tools/compiler/ti-cgt-msp430_16.9.4.LTS/bin/cl430" -vmspx --use_hw_mpy=none --include_path="C:/ti/ccsv7/ccs_base/msp430/include" --include_path="C:/Users/nomad/OneDrive/Documents/School/Rowan/Embedded/Lab 4/Debouncing/FR2311" --include_path="C:/ti/ccsv7/tools/compiler/ti-cgt-msp430_16.9.4.LTS/include" --advice:power=all --advice:hw_config=all --define=__MSP430FR2311__ -g --printf_support=minimal --diag_warning=225 --diag_wrap=off --display_error_number --silicon_errata=CPU21 --silicon_errata=CPU22 --silicon_errata=CPU40 --preproc_with_compile --preproc_dependency="main.d"  "../main.c"

>> Compilation failure
subdir_rules.mk:9: recipe for target 'main.obj' failed
"../main.c", line 35: error #20: identifier "LOCKLMP5" is undefined
"../main.c", line 66: error #171: expected a declaration
"../main.c", line 69: error #609: this pragma must immediately precede a declaration
At end of source: warning #12-D: parsing restarts here after previous syntax error
3 errors detected in the compilation of "../main.c".
gmake: *** [main.obj] Error 1
gmake: Target 'all' not remade because of errors.

**** Build Finished ****

**** Build of configuration Debug for project FR2311 ****

"C:\\ti\\ccsv7\\utils\\bin\\gmake" -k -j 4 all -O 
'Building file: ../main.c'
'Invoking: MSP430 Compiler'
"C:/ti/ccsv7/tools/compiler/ti-cgt-msp430_16.9.4.LTS/bin/cl430" -vmspx --use_hw_mpy=none --include_path="C:/ti/ccsv7/ccs_base/msp430/include" --include_path="C:/Users/nomad/OneDrive/Documents/School/Rowan/Embedded/Lab 4/Debouncing/FR2311" --include_path="C:/ti/ccsv7/tools/compiler/ti-cgt-msp430_16.9.4.LTS/include" --advice:power=all --advice:hw_config=all --define=__MSP430FR2311__ -g --printf_support=minimal --diag_warning=225 --diag_wrap=off --display_error_number --silicon_errata=CPU21 --silicon_errata=CPU22 --silicon_errata=CPU40 --preproc_with_compile --preproc_dependency="main.d"  "../main.c"
'Finished building: ../main.c'
' '
'Building target: FR2311.out'
'Invoking: MSP430 Linker'
"C:/ti/ccsv7/tools/compiler/ti-cgt-msp430_16.9.4.LTS/bin/cl430" -vmspx --use_hw_mpy=none --advice:power=all --advice:hw_config=all --define=__MSP430FR2311__ -g --printf_support=minimal --diag_warning=225 --diag_wrap=off --display_error_number --silicon_errata=CPU21 --silicon_errata=CPU22 --silicon_errata=CPU40 -z -m"FR2311.map" --heap_size=160 --stack_size=160 --cinit_hold_wdt=on -i"C:/ti/ccsv7/ccs_base/msp430/include" -i"C:/ti/ccsv7/tools/compiler/ti-cgt-msp430_16.9.4.LTS/lib" -i"C:/ti/ccsv7/tools/compiler/ti-cgt-msp430_16.9.4.LTS/include" --reread_libs --diag_wrap=off --display_error_number --warn_sections --xml_link_info="FR2311_linkInfo.xml" --use_hw_mpy=none --rom_model -o "FR2311.out" "./main.obj" "../lnk_msp430fr2311.cmd"  -llibc.a 
<Linking>
remark #10372-D: (ULP 4.1) Detected uninitialized Port A in this project. Recommend initializing all unused ports to eliminate wasted current consumption on unused pins.
remark #10372-D: (ULP 4.1) Detected uninitialized Port B in this project. Recommend initializing all unused ports to eliminate wasted current consumption on unused pins.
remark #10372-D: (ULP 4.1) Detected uninitialized Port C in this project. Recommend initializing all unused ports to eliminate wasted current consumption on unused pins.
remark #10372-D: (ULP 4.1) Detected uninitialized Port D in this project. Recommend initializing all unused ports to eliminate wasted current consumption on unused pins.
remark #10422-D: (ULP 6.2) Detected use of a device with available 32-bit hardware multiplier and not also using MSPMATHLIB library (libmath.a).  Recommend using MSPMATHLIB library (libmath.a) for improved performance.
'Finished building target: FR2311.out'
' '

**** Build Finished ****

**** Build of configuration Debug for project FR2311 ****

"C:\\ti\\ccsv7\\utils\\bin\\gmake" -k -j 4 all -O 
'Building file: ../main.c'
'Invoking: MSP430 Compiler'
"C:/ti/ccsv7/tools/compiler/ti-cgt-msp430_16.9.4.LTS/bin/cl430" -vmspx --use_hw_mpy=none --include_path="C:/ti/ccsv7/ccs_base/msp430/include" --include_path="C:/Users/nomad/OneDrive/Documents/School/Rowan/Embedded/Lab 4/Debouncing/FR2311" --include_path="C:/ti/ccsv7/tools/compiler/ti-cgt-msp430_16.9.4.LTS/include" --advice:power=all --advice:hw_config=all --define=__MSP430FR2311__ -g --printf_support=minimal --diag_warning=225 --diag_wrap=off --display_error_number --silicon_errata=CPU21 --silicon_errata=CPU22 --silicon_errata=CPU40 --preproc_with_compile --preproc_dependency="main.d"  "../main.c"
'Finished building: ../main.c'
' '
'Building target: FR2311.out'
'Invoking: MSP430 Linker'
"C:/ti/ccsv7/tools/compiler/ti-cgt-msp430_16.9.4.LTS/bin/cl430" -vmspx --use_hw_mpy=none --advice:power=all --advice:hw_config=all --define=__MSP430FR2311__ -g --printf_support=minimal --diag_warning=225 --diag_wrap=off --display_error_number --silicon_errata=CPU21 --silicon_errata=CPU22 --silicon_errata=CPU40 -z -m"FR2311.map" --heap_size=160 --stack_size=160 --cinit_hold_wdt=on -i"C:/ti/ccsv7/ccs_base/msp430/include" -i"C:/ti/ccsv7/tools/compiler/ti-cgt-msp430_16.9.4.LTS/lib" -i"C:/ti/ccsv7/tools/compiler/ti-cgt-msp430_16.9.4.LTS/include" --reread_libs --diag_wrap=off --display_error_number --warn_sections --xml_link_info="FR2311_linkInfo.xml" --use_hw_mpy=none --rom_model -o "FR2311.out" "./main.obj" "../lnk_msp430fr2311.cmd"  -llibc.a 
<Linking>
remark #10372-D: (ULP 4.1) Detected uninitialized Port 2 in this project. Recommend initializing all unused ports to eliminate wasted current consumption on unused pins.
remark #10372-D: (ULP 4.1) Detected uninitialized Port A in this project. Recommend initializing all unused ports to eliminate wasted current consumption on unused pins.
'Finished building target: FR2311.out'
' '

**** Build Finished ****

**** Build of configuration Debug for project FR5994 ****

"C:\\ti\\ccsv7\\utils\\bin\\gmake" -k -j 4 all -O 
'Building file: ../main.c'
'Invoking: MSP430 Compiler'
"C:/ti/ccsv7/tools/compiler/ti-cgt-msp430_16.9.4.LTS/bin/cl430" -vmspx --data_model=restricted --use_hw_mpy=F5 --include_path="C:/ti/ccsv7/ccs_base/msp430/include" --include_path="C:/Users/nomad/OneDrive/Documents/School/Rowan/Embedded/Lab 4/Debouncing/FR5994" --include_path="C:/ti/ccsv7/tools/compiler/ti-cgt-msp430_16.9.4.LTS/include" --advice:power=all --advice:hw_config=all --define=__MSP430FR5994__ --define=_MPU_ENABLE -g --printf_support=minimal --diag_warning=225 --diag_wrap=off --display_error_number --silicon_errata=CPU21 --silicon_errata=CPU22 --silicon_errata=CPU40 --preproc_with_compile --preproc_dependency="main.d"  "../main.c"
'Finished building: ../main.c'
' '
'Building target: FR5994.out'
'Invoking: MSP430 Linker'
"C:/ti/ccsv7/tools/compiler/ti-cgt-msp430_16.9.4.LTS/bin/cl430" -vmspx --data_model=restricted --use_hw_mpy=F5 --advice:power=all --advice:hw_config=all --define=__MSP430FR5994__ --define=_MPU_ENABLE -g --printf_support=minimal --diag_warning=225 --diag_wrap=off --display_error_number --silicon_errata=CPU21 --silicon_errata=CPU22 --silicon_errata=CPU40 -z -m"FR5994.map" --heap_size=160 --stack_size=160 --cinit_hold_wdt=on -i"C:/ti/ccsv7/ccs_base/msp430/include" -i"C:/ti/ccsv7/ccs_base/msp430/lib/5xx_6xx_FRxx" -i"C:/ti/ccsv7/ccs_base/msp430/lib/FR59xx" -i"C:/ti/ccsv7/tools/compiler/ti-cgt-msp430_16.9.4.LTS/lib" -i"C:/ti/ccsv7/tools/compiler/ti-cgt-msp430_16.9.4.LTS/include" --priority --reread_libs --define=_MPU_ENABLE --diag_wrap=off --display_error_number --warn_sections --xml_link_info="FR5994_linkInfo.xml" --use_hw_mpy=F5 --rom_model -o "FR5994.out" "./main.obj" "../lnk_msp430fr5994.cmd"  -llibmpu_init.a -llibmath.a -llibc.a 
<Linking>
remark #10372-D: (ULP 4.1) Detected uninitialized Port 2 in this project. Recommend initializing all unused ports to eliminate wasted current consumption on unused pins.
remark #10372-D: (ULP 4.1) Detected uninitialized Port 3 in this project. Recommend initializing all unused ports to eliminate wasted current consumption on unused pins.
remark #10372-D: (ULP 4.1) Detected uninitialized Port 4 in this project. Recommend initializing all unused ports to eliminate wasted current consumption on unused pins.
remark #10372-D: (ULP 4.1) Detected uninitialized Port 5 in this project. Recommend initializing all unused ports to eliminate wasted current consumption on unused pins.
remark #10372-D: (ULP 4.1) Detected uninitialized Port 6 in this project. Recommend initializing all unused ports to eliminate wasted current consumption on unused pins.
remark #10372-D: (ULP 4.1) Detected uninitialized Port 7 in this project. Recommend initializing all unused ports to eliminate wasted current consumption on unused pins.
remark #10372-D: (ULP 4.1) Detected uninitialized Port 8 in this project. Recommend initializing all unused ports to eliminate wasted current consumption on unused pins.
remark #10372-D: (ULP 4.1) Detected uninitialized Port A in this project. Recommend initializing all unused ports to eliminate wasted current consumption on unused pins.
remark #10372-D: (ULP 4.1) Detected uninitialized Port B in this project. Recommend initializing all unused ports to eliminate wasted current consumption on unused pins.
remark #10372-D: (ULP 4.1) Detected uninitialized Port C in this project. Recommend initializing all unused ports to eliminate wasted current consumption on unused pins.
remark #10372-D: (ULP 4.1) Detected uninitialized Port D in this project. Recommend initializing all unused ports to eliminate wasted current consumption on unused pins.
remark #10436-D: (ULP 6.3) Detected use of a device with a Low Energy Accelerator (LEA) but application does not appear to use LEA. Recommend offloading vector math and signal processing to LEA for improved performance.
'Finished building target: FR5994.out'
' '

**** Build Finished ****

**** Build of configuration Debug for project FR5994 ****

"C:\\ti\\ccsv7\\utils\\bin\\gmake" -k -j 4 all -O 
'Building file: ../main.c'
'Invoking: MSP430 Compiler'
"C:/ti/ccsv7/tools/compiler/ti-cgt-msp430_16.9.4.LTS/bin/cl430" -vmspx --data_model=restricted --use_hw_mpy=F5 --include_path="C:/ti/ccsv7/ccs_base/msp430/include" --include_path="C:/Users/nomad/OneDrive/Documents/School/Rowan/Embedded/Lab 4/Debouncing/FR5994" --include_path="C:/ti/ccsv7/tools/compiler/ti-cgt-msp430_16.9.4.LTS/include" --advice:power=all --advice:hw_config=all --define=__MSP430FR5994__ --define=_MPU_ENABLE -g --printf_support=minimal --diag_warning=225 --diag_wrap=off --display_error_number --silicon_errata=CPU21 --silicon_errata=CPU22 --silicon_errata=CPU40 --preproc_with_compile --preproc_dependency="main.d"  "../main.c"

>> Compilation failure
subdir_rules.mk:9: recipe for target 'main.obj' failed
"../main.c", line 60: warning #2580-D: pragma vector= accepts numeric arguments or "unused_interrupts" but not PORT5_VECTOR_1
"../main.c", line 71: error #249: function "Port_5" has already been defined
"../main.c", line 70: warning #2580-D: pragma vector= accepts numeric arguments or "unused_interrupts" but not PORT5_VECTOR_2
1 error detected in the compilation of "../main.c".
gmake: *** [main.obj] Error 1
gmake: Target 'all' not remade because of errors.

**** Build Finished ****

**** Build of configuration Debug for project FR5994 ****

"C:\\ti\\ccsv7\\utils\\bin\\gmake" -k -j 4 all -O 
'Building file: ../main.c'
'Invoking: MSP430 Compiler'
"C:/ti/ccsv7/tools/compiler/ti-cgt-msp430_16.9.4.LTS/bin/cl430" -vmspx --data_model=restricted --use_hw_mpy=F5 --include_path="C:/ti/ccsv7/ccs_base/msp430/include" --include_path="C:/Users/nomad/OneDrive/Documents/School/Rowan/Embedded/Lab 4/Debouncing/FR5994" --include_path="C:/ti/ccsv7/tools/compiler/ti-cgt-msp430_16.9.4.LTS/include" --advice:power=all --advice:hw_config=all --define=__MSP430FR5994__ --define=_MPU_ENABLE -g --printf_support=minimal --diag_warning=225 --diag_wrap=off --display_error_number --silicon_errata=CPU21 --silicon_errata=CPU22 --silicon_errata=CPU40 --preproc_with_compile --preproc_dependency="main.d"  "../main.c"

>> Compilation failure
subdir_rules.mk:9: recipe for target 'main.obj' failed
"../main.c", line 71: error #249: function "Port_5" has already been defined
1 error detected in the compilation of "../main.c".
gmake: *** [main.obj] Error 1
gmake: Target 'all' not remade because of errors.

**** Build Finished ****

**** Build of configuration Debug for project FR5994 ****

"C:\\ti\\ccsv7\\utils\\bin\\gmake" -k -j 4 all -O 
'Building file: ../main.c'
'Invoking: MSP430 Compiler'
"C:/ti/ccsv7/tools/compiler/ti-cgt-msp430_16.9.4.LTS/bin/cl430" -vmspx --data_model=restricted --use_hw_mpy=F5 --include_path="C:/ti/ccsv7/ccs_base/msp430/include" --include_path="C:/Users/nomad/OneDrive/Documents/School/Rowan/Embedded/Lab 4/Debouncing/FR5994" --include_path="C:/ti/ccsv7/tools/compiler/ti-cgt-msp430_16.9.4.LTS/include" --advice:power=all --advice:hw_config=all --define=__MSP430FR5994__ --define=_MPU_ENABLE -g --printf_support=minimal --diag_warning=225 --diag_wrap=off --display_error_number --silicon_errata=CPU21 --silicon_errata=CPU22 --silicon_errata=CPU40 --preproc_with_compile --preproc_dependency="main.d"  "../main.c"
1 Assembly Error, No Assembly Warnings

>> Compilation failure
subdir_rules.mk:9: recipe for target 'main.obj' failed
"C:\Users\nomad\AppData\Local\Temp\{8451161B-0489-46A7-951A-F626E9B6089D}", ERROR!   at line 14: [E0300] Symbol __TI_int27 has already been defined
		.intvec	".int27",	Port_5_2


Errors in Source - Assembler Aborted
gmake: *** [main.obj] Error 1
gmake: Target 'all' not remade because of errors.

**** Build Finished ****

**** Build of configuration Debug for project FR5994 ****

"C:\\ti\\ccsv7\\utils\\bin\\gmake" -k -j 4 all -O 
'Building file: ../main.c'
'Invoking: MSP430 Compiler'
"C:/ti/ccsv7/tools/compiler/ti-cgt-msp430_16.9.4.LTS/bin/cl430" -vmspx --data_model=restricted --use_hw_mpy=F5 --include_path="C:/ti/ccsv7/ccs_base/msp430/include" --include_path="C:/Users/nomad/OneDrive/Documents/School/Rowan/Embedded/Lab 4/Debouncing/FR5994" --include_path="C:/ti/ccsv7/tools/compiler/ti-cgt-msp430_16.9.4.LTS/include" --advice:power=all --advice:hw_config=all --define=__MSP430FR5994__ --define=_MPU_ENABLE -g --printf_support=minimal --diag_warning=225 --diag_wrap=off --display_error_number --silicon_errata=CPU21 --silicon_errata=CPU22 --silicon_errata=CPU40 --preproc_with_compile --preproc_dependency="main.d"  "../main.c"
1 Assembly Error, No Assembly Warnings

>> Compilation failure
subdir_rules.mk:9: recipe for target 'main.obj' failed
"C:\Users\nomad\AppData\Local\Temp\{ABDBB504-85D4-4B04-BF09-CA2EA54E8AB1}", ERROR!   at line 14: [E0300] Symbol __TI_int27 has already been defined
		.intvec	".int27",	Port_5_2


Errors in Source - Assembler Aborted
gmake: *** [main.obj] Error 1
gmake: Target 'all' not remade because of errors.

**** Build Finished ****

**** Build of configuration Debug for project FR5994 ****

"C:\\ti\\ccsv7\\utils\\bin\\gmake" -k -j 4 all -O 
'Building file: ../main.c'
'Invoking: MSP430 Compiler'
"C:/ti/ccsv7/tools/compiler/ti-cgt-msp430_16.9.4.LTS/bin/cl430" -vmspx --data_model=restricted --use_hw_mpy=F5 --include_path="C:/ti/ccsv7/ccs_base/msp430/include" --include_path="C:/Users/nomad/OneDrive/Documents/School/Rowan/Embedded/Lab 4/Debouncing/FR5994" --include_path="C:/ti/ccsv7/tools/compiler/ti-cgt-msp430_16.9.4.LTS/include" --advice:power=all --advice:hw_config=all --define=__MSP430FR5994__ --define=_MPU_ENABLE -g --printf_support=minimal --diag_warning=225 --diag_wrap=off --display_error_number --silicon_errata=CPU21 --silicon_errata=CPU22 --silicon_errata=CPU40 --preproc_with_compile --preproc_dependency="main.d"  "../main.c"
'Finished building: ../main.c'
' '
'Building target: FR5994.out'
'Invoking: MSP430 Linker'
"C:/ti/ccsv7/tools/compiler/ti-cgt-msp430_16.9.4.LTS/bin/cl430" -vmspx --data_model=restricted --use_hw_mpy=F5 --advice:power=all --advice:hw_config=all --define=__MSP430FR5994__ --define=_MPU_ENABLE -g --printf_support=minimal --diag_warning=225 --diag_wrap=off --display_error_number --silicon_errata=CPU21 --silicon_errata=CPU22 --silicon_errata=CPU40 -z -m"FR5994.map" --heap_size=160 --stack_size=160 --cinit_hold_wdt=on -i"C:/ti/ccsv7/ccs_base/msp430/include" -i"C:/ti/ccsv7/ccs_base/msp430/lib/5xx_6xx_FRxx" -i"C:/ti/ccsv7/ccs_base/msp430/lib/FR59xx" -i"C:/ti/ccsv7/tools/compiler/ti-cgt-msp430_16.9.4.LTS/lib" -i"C:/ti/ccsv7/tools/compiler/ti-cgt-msp430_16.9.4.LTS/include" --priority --reread_libs --define=_MPU_ENABLE --diag_wrap=off --display_error_number --warn_sections --xml_link_info="FR5994_linkInfo.xml" --use_hw_mpy=F5 --rom_model -o "FR5994.out" "./main.obj" "../lnk_msp430fr5994.cmd"  -llibmpu_init.a -llibmath.a -llibc.a 
<Linking>
remark #10372-D: (ULP 4.1) Detected uninitialized Port 2 in this project. Recommend initializing all unused ports to eliminate wasted current consumption on unused pins.
remark #10372-D: (ULP 4.1) Detected uninitialized Port 3 in this project. Recommend initializing all unused ports to eliminate wasted current consumption on unused pins.
remark #10372-D: (ULP 4.1) Detected uninitialized Port 4 in this project. Recommend initializing all unused ports to eliminate wasted current consumption on unused pins.
remark #10372-D: (ULP 4.1) Detected uninitialized Port 5 in this project. Recommend initializing all unused ports to eliminate wasted current consumption on unused pins.
remark #10372-D: (ULP 4.1) Detected uninitialized Port 6 in this project. Recommend initializing all unused ports to eliminate wasted current consumption on unused pins.
remark #10372-D: (ULP 4.1) Detected uninitialized Port 7 in this project. Recommend initializing all unused ports to eliminate wasted current consumption on unused pins.
remark #10372-D: (ULP 4.1) Detected uninitialized Port 8 in this project. Recommend initializing all unused ports to eliminate wasted current consumption on unused pins.
remark #10372-D: (ULP 4.1) Detected uninitialized Port A in this project. Recommend initializing all unused ports to eliminate wasted current consumption on unused pins.
remark #10372-D: (ULP 4.1) Detected uninitialized Port B in this project. Recommend initializing all unused ports to eliminate wasted current consumption on unused pins.
remark #10372-D: (ULP 4.1) Detected uninitialized Port C in this project. Recommend initializing all unused ports to eliminate wasted current consumption on unused pins.
remark #10372-D: (ULP 4.1) Detected uninitialized Port D in this project. Recommend initializing all unused ports to eliminate wasted current consumption on unused pins.
remark #10436-D: (ULP 6.3) Detected use of a device with a Low Energy Accelerator (LEA) but application does not appear to use LEA. Recommend offloading vector math and signal processing to LEA for improved performance.
'Finished building target: FR5994.out'
' '

**** Build Finished ****

**** Build of configuration Debug for project FR5994 ****

"C:\\ti\\ccsv7\\utils\\bin\\gmake" -k -j 4 all -O 
'Building file: ../main.c'
'Invoking: MSP430 Compiler'
"C:/ti/ccsv7/tools/compiler/ti-cgt-msp430_16.9.4.LTS/bin/cl430" -vmspx --data_model=restricted --use_hw_mpy=F5 --include_path="C:/ti/ccsv7/ccs_base/msp430/include" --include_path="C:/Users/nomad/OneDrive/Documents/School/Rowan/Embedded/Lab 4/Debouncing/FR5994" --include_path="C:/ti/ccsv7/tools/compiler/ti-cgt-msp430_16.9.4.LTS/include" --advice:power=all --advice:hw_config=all --define=__MSP430FR5994__ --define=_MPU_ENABLE -g --printf_support=minimal --diag_warning=225 --diag_wrap=off --display_error_number --silicon_errata=CPU21 --silicon_errata=CPU22 --silicon_errata=CPU40 --preproc_with_compile --preproc_dependency="main.d"  "../main.c"
'Finished building: ../main.c'
' '
'Building target: FR5994.out'
'Invoking: MSP430 Linker'
"C:/ti/ccsv7/tools/compiler/ti-cgt-msp430_16.9.4.LTS/bin/cl430" -vmspx --data_model=restricted --use_hw_mpy=F5 --advice:power=all --advice:hw_config=all --define=__MSP430FR5994__ --define=_MPU_ENABLE -g --printf_support=minimal --diag_warning=225 --diag_wrap=off --display_error_number --silicon_errata=CPU21 --silicon_errata=CPU22 --silicon_errata=CPU40 -z -m"FR5994.map" --heap_size=160 --stack_size=160 --cinit_hold_wdt=on -i"C:/ti/ccsv7/ccs_base/msp430/include" -i"C:/ti/ccsv7/ccs_base/msp430/lib/5xx_6xx_FRxx" -i"C:/ti/ccsv7/ccs_base/msp430/lib/FR59xx" -i"C:/ti/ccsv7/tools/compiler/ti-cgt-msp430_16.9.4.LTS/lib" -i"C:/ti/ccsv7/tools/compiler/ti-cgt-msp430_16.9.4.LTS/include" --priority --reread_libs --define=_MPU_ENABLE --diag_wrap=off --display_error_number --warn_sections --xml_link_info="FR5994_linkInfo.xml" --use_hw_mpy=F5 --rom_model -o "FR5994.out" "./main.obj" "../lnk_msp430fr5994.cmd"  -llibmpu_init.a -llibmath.a -llibc.a 
<Linking>
remark #10372-D: (ULP 4.1) Detected uninitialized Port 2 in this project. Recommend initializing all unused ports to eliminate wasted current consumption on unused pins.
remark #10372-D: (ULP 4.1) Detected uninitialized Port 3 in this project. Recommend initializing all unused ports to eliminate wasted current consumption on unused pins.
remark #10372-D: (ULP 4.1) Detected uninitialized Port 4 in this project. Recommend initializing all unused ports to eliminate wasted current consumption on unused pins.
remark #10372-D: (ULP 4.1) Detected uninitialized Port 5 in this project. Recommend initializing all unused ports to eliminate wasted current consumption on unused pins.
remark #10372-D: (ULP 4.1) Detected uninitialized Port 6 in this project. Recommend initializing all unused ports to eliminate wasted current consumption on unused pins.
remark #10372-D: (ULP 4.1) Detected uninitialized Port 7 in this project. Recommend initializing all unused ports to eliminate wasted current consumption on unused pins.
remark #10372-D: (ULP 4.1) Detected uninitialized Port 8 in this project. Recommend initializing all unused ports to eliminate wasted current consumption on unused pins.
remark #10372-D: (ULP 4.1) Detected uninitialized Port A in this project. Recommend initializing all unused ports to eliminate wasted current consumption on unused pins.
remark #10372-D: (ULP 4.1) Detected uninitialized Port B in this project. Recommend initializing all unused ports to eliminate wasted current consumption on unused pins.
remark #10372-D: (ULP 4.1) Detected uninitialized Port C in this project. Recommend initializing all unused ports to eliminate wasted current consumption on unused pins.
remark #10372-D: (ULP 4.1) Detected uninitialized Port D in this project. Recommend initializing all unused ports to eliminate wasted current consumption on unused pins.
remark #10436-D: (ULP 6.3) Detected use of a device with a Low Energy Accelerator (LEA) but application does not appear to use LEA. Recommend offloading vector math and signal processing to LEA for improved performance.
'Finished building target: FR5994.out'
' '

**** Build Finished ****

**** Build of configuration Debug for project FR6989 ****

"C:\\ti\\ccsv7\\utils\\bin\\gmake" -k -j 4 all -O 
'Building file: ../main.c'
'Invoking: MSP430 Compiler'
"C:/ti/ccsv7/tools/compiler/ti-cgt-msp430_16.9.4.LTS/bin/cl430" -vmspx --data_model=restricted --use_hw_mpy=F5 --include_path="C:/ti/ccsv7/ccs_base/msp430/include" --include_path="C:/Users/nomad/OneDrive/Documents/School/Rowan/Embedded/Lab 4/Debouncing/FR6989" --include_path="C:/ti/ccsv7/tools/compiler/ti-cgt-msp430_16.9.4.LTS/include" --advice:power=all --advice:hw_config=all --define=__MSP430FR6989__ --define=_MPU_ENABLE -g --printf_support=minimal --diag_warning=225 --diag_wrap=off --display_error_number --silicon_errata=CPU21 --silicon_errata=CPU22 --silicon_errata=CPU40 --preproc_with_compile --preproc_dependency="main.d"  "../main.c"

>> Compilation failure
subdir_rules.mk:9: recipe for target 'main.obj' failed
"../main.c", line 37: error #20: identifier "LED2" is undefined
1 error detected in the compilation of "../main.c".
gmake: *** [main.obj] Error 1
gmake: Target 'all' not remade because of errors.

**** Build Finished ****

**** Build of configuration Debug for project FR6989 ****

"C:\\ti\\ccsv7\\utils\\bin\\gmake" -k -j 4 all -O 
'Building file: ../main.c'
'Invoking: MSP430 Compiler'
"C:/ti/ccsv7/tools/compiler/ti-cgt-msp430_16.9.4.LTS/bin/cl430" -vmspx --data_model=restricted --use_hw_mpy=F5 --include_path="C:/ti/ccsv7/ccs_base/msp430/include" --include_path="C:/Users/nomad/OneDrive/Documents/School/Rowan/Embedded/Lab 4/Debouncing/FR6989" --include_path="C:/ti/ccsv7/tools/compiler/ti-cgt-msp430_16.9.4.LTS/include" --advice:power=all --advice:hw_config=all --define=__MSP430FR6989__ --define=_MPU_ENABLE -g --printf_support=minimal --diag_warning=225 --diag_wrap=off --display_error_number --silicon_errata=CPU21 --silicon_errata=CPU22 --silicon_errata=CPU40 --preproc_with_compile --preproc_dependency="main.d"  "../main.c"
'Finished building: ../main.c'
' '
'Building target: FR6989.out'
'Invoking: MSP430 Linker'
"C:/ti/ccsv7/tools/compiler/ti-cgt-msp430_16.9.4.LTS/bin/cl430" -vmspx --data_model=restricted --use_hw_mpy=F5 --advice:power=all --advice:hw_config=all --define=__MSP430FR6989__ --define=_MPU_ENABLE -g --printf_support=minimal --diag_warning=225 --diag_wrap=off --display_error_number --silicon_errata=CPU21 --silicon_errata=CPU22 --silicon_errata=CPU40 -z -m"FR6989.map" --heap_size=160 --stack_size=160 --cinit_hold_wdt=on -i"C:/ti/ccsv7/ccs_base/msp430/include" -i"C:/ti/ccsv7/ccs_base/msp430/lib/5xx_6xx_FRxx" -i"C:/ti/ccsv7/ccs_base/msp430/lib/FR59xx" -i"C:/ti/ccsv7/tools/compiler/ti-cgt-msp430_16.9.4.LTS/lib" -i"C:/ti/ccsv7/tools/compiler/ti-cgt-msp430_16.9.4.LTS/include" --priority --reread_libs --define=_MPU_ENABLE --diag_wrap=off --display_error_number --warn_sections --xml_link_info="FR6989_linkInfo.xml" --use_hw_mpy=F5 --rom_model -o "FR6989.out" "./main.obj" "../lnk_msp430fr6989.cmd"  -llibmpu_init.a -llibmath.a -llibc.a 
<Linking>

 undefined first referenced
  symbol       in file     
 --------- ----------------
 P1DIR     ./main.obj      
 P1IE      ./main.obj      
 P1IES     ./main.obj      
 P1IFG     ./main.obj      
 P1OUT     ./main.obj      
 P1REN     ./main.obj      

error #10234-D: unresolved symbols remain
remark #10372-D: (ULP 4.1) Detected uninitialized Port 2 in this project. Recommend initializing all unused ports to eliminate wasted current consumption on unused pins.
error #10010: errors encountered during linking; "FR6989.out" not built
remark #10372-D: (ULP 4.1) Detected uninitialized Port 3 in this project. Recommend initializing all unused ports to eliminate wasted current consumption on unused pins.
remark #10372-D: (ULP 4.1) Detected uninitialized Port 4 in this project. Recommend initializing all unused ports to eliminate wasted current consumption on unused pins.
remark #10372-D: (ULP 4.1) Detected uninitialized Port 5 in this project. Recommend initializing all unused ports to eliminate wasted current consumption on unused pins.
remark #10372-D: (ULP 4.1) Detected uninitialized Port 6 in this project. Recommend initializing all unused ports to eliminate wasted current consumption on unused pins.
remark #10372-D: (ULP 4.1) Detected uninitialized Port 7 in this project. Recommend initializing all unused ports to eliminate wasted current consumption on unused pins.
remark #10372-D: (ULP 4.1) Detected uninitialized Port 8 in this project. Recommend initializing all unused ports to eliminate wasted current consumption on unused pins.
remark #10372-D: (ULP 4.1) Detected uninitialized Port A in this project. Recommend initializing all unused ports to eliminate wasted current consumption on unused pins.
remark #10372-D: (ULP 4.1) Detected uninitialized Port B in this project. Recommend initializing all unused ports to eliminate wasted current consumption on unused pins.
remark #10372-D: (ULP 4.1) Detected uninitialized Port C in this project. Recommend initializing all unused ports to eliminate wasted current consumption on unused pins.
remark #10372-D: (ULP 4.1) Detected uninitialized Port D in this project. Recommend initializing all unused ports to eliminate wasted current consumption on unused pins.
remark #10436-D: (ULP 6.3) Detected use of a device with a Low Energy Accelerator (LEA) but application does not appear to use LEA. Recommend offloading vector math and signal processing to LEA for improved performance.

>> Compilation failure
makefile:143: recipe for target 'FR6989.out' failed
gmake[1]: *** [FR6989.out] Error 1
gmake: *** [all] Error 2
makefile:139: recipe for target 'all' failed

**** Build Finished ****

**** Build of configuration Debug for project FR6989 ****

"C:\\ti\\ccsv7\\utils\\bin\\gmake" -k -j 4 all -O 
'Building file: ../main.c'
'Invoking: MSP430 Compiler'
"C:/ti/ccsv7/tools/compiler/ti-cgt-msp430_16.9.4.LTS/bin/cl430" -vmspx --data_model=restricted --use_hw_mpy=F5 --include_path="C:/ti/ccsv7/ccs_base/msp430/include" --include_path="C:/Users/nomad/OneDrive/Documents/School/Rowan/Embedded/Lab 4/Debouncing/FR6989" --include_path="C:/ti/ccsv7/tools/compiler/ti-cgt-msp430_16.9.4.LTS/include" --advice:power=all --advice:hw_config=all --define=__MSP430FR6989__ --define=_MPU_ENABLE -g --printf_support=minimal --diag_warning=225 --diag_wrap=off --display_error_number --silicon_errata=CPU21 --silicon_errata=CPU22 --silicon_errata=CPU40 --preproc_with_compile --preproc_dependency="main.d"  "../main.c"
'Finished building: ../main.c'
' '
'Building target: FR6989.out'
'Invoking: MSP430 Linker'
"C:/ti/ccsv7/tools/compiler/ti-cgt-msp430_16.9.4.LTS/bin/cl430" -vmspx --data_model=restricted --use_hw_mpy=F5 --advice:power=all --advice:hw_config=all --define=__MSP430FR6989__ --define=_MPU_ENABLE -g --printf_support=minimal --diag_warning=225 --diag_wrap=off --display_error_number --silicon_errata=CPU21 --silicon_errata=CPU22 --silicon_errata=CPU40 -z -m"FR6989.map" --heap_size=160 --stack_size=160 --cinit_hold_wdt=on -i"C:/ti/ccsv7/ccs_base/msp430/include" -i"C:/ti/ccsv7/ccs_base/msp430/lib/5xx_6xx_FRxx" -i"C:/ti/ccsv7/ccs_base/msp430/lib/FR59xx" -i"C:/ti/ccsv7/tools/compiler/ti-cgt-msp430_16.9.4.LTS/lib" -i"C:/ti/ccsv7/tools/compiler/ti-cgt-msp430_16.9.4.LTS/include" --priority --reread_libs --define=_MPU_ENABLE --diag_wrap=off --display_error_number --warn_sections --xml_link_info="FR6989_linkInfo.xml" --use_hw_mpy=F5 --rom_model -o "FR6989.out" "./main.obj" "../lnk_msp430fr6989.cmd"  -llibmpu_init.a -llibmath.a -llibc.a 
<Linking>
remark #10372-D: (ULP 4.1) Detected uninitialized Port A in this project. Recommend initializing all unused ports to eliminate wasted current consumption on unused pins.
remark #10372-D: (ULP 4.1) Detected uninitialized Port B in this project. Recommend initializing all unused ports to eliminate wasted current consumption on unused pins.
remark #10372-D: (ULP 4.1) Detected uninitialized Port C in this project. Recommend initializing all unused ports to eliminate wasted current consumption on unused pins.
remark #10372-D: (ULP 4.1) Detected uninitialized Port D in this project. Recommend initializing all unused ports to eliminate wasted current consumption on unused pins.
remark #10372-D: (ULP 4.1) Detected uninitialized Port E in this project. Recommend initializing all unused ports to eliminate wasted current consumption on unused pins.
'Finished building target: FR6989.out'
' '

**** Build Finished ****

**** Build of configuration Debug for project G2553 ****

"C:\\ti\\ccsv7\\utils\\bin\\gmake" -k -j 4 all -O 
'Building file: ../main.c'
'Invoking: MSP430 Compiler'
"C:/ti/ccsv7/tools/compiler/ti-cgt-msp430_16.9.4.LTS/bin/cl430" -vmsp --use_hw_mpy=none --include_path="C:/ti/ccsv7/ccs_base/msp430/include" --include_path="C:/Users/nomad/OneDrive/Documents/School/Rowan/Embedded/Lab 4/Debouncing/G2553" --include_path="C:/ti/ccsv7/tools/compiler/ti-cgt-msp430_16.9.4.LTS/include" --advice:power=all --define=__MSP430G2553__ -g --printf_support=minimal --diag_warning=225 --diag_wrap=off --display_error_number --preproc_with_compile --preproc_dependency="main.d"  "../main.c"

>> Compilation failure
subdir_rules.mk:9: recipe for target 'main.obj' failed
"../main.c", line 44: error #20: identifier "TB0CCTL0" is undefined
"../main.c", line 45: error #20: identifier "TB0CCR0" is undefined
"../main.c", line 46: error #20: identifier "TB0CTL" is undefined
"../main.c", line 46: error #20: identifier "TBSSEL_2" is undefined
"../main.c", line 46: error #20: identifier "TBCLR" is undefined
"../main.c", line 61: error #20: identifier "TB0CTL" is undefined
"../main.c", line 61: error #20: identifier "TBSSEL_2" is undefined
"../main.c", line 61: error #20: identifier "TBCLR" is undefined
"../main.c", line 66: warning #2580-D: pragma vector= accepts numeric arguments or "unused_interrupts" but not TIMER0_B0_VECTOR
"../main.c", line 68: error #20: identifier "TB0CTL" is undefined
9 errors detected in the compilation of "../main.c".
gmake: *** [main.obj] Error 1
gmake: Target 'all' not remade because of errors.

**** Build Finished ****

**** Build of configuration Debug for project G2553 ****

"C:\\ti\\ccsv7\\utils\\bin\\gmake" -k -j 4 all -O 
'Building file: ../main.c'
'Invoking: MSP430 Compiler'
"C:/ti/ccsv7/tools/compiler/ti-cgt-msp430_16.9.4.LTS/bin/cl430" -vmsp --use_hw_mpy=none --include_path="C:/ti/ccsv7/ccs_base/msp430/include" --include_path="C:/Users/nomad/OneDrive/Documents/School/Rowan/Embedded/Lab 4/Debouncing/G2553" --include_path="C:/ti/ccsv7/tools/compiler/ti-cgt-msp430_16.9.4.LTS/include" --advice:power=all --define=__MSP430G2553__ -g --printf_support=minimal --diag_warning=225 --diag_wrap=off --display_error_number --preproc_with_compile --preproc_dependency="main.d"  "../main.c"
'Finished building: ../main.c'
' '
'Building target: G2553.out'
'Invoking: MSP430 Linker'
"C:/ti/ccsv7/tools/compiler/ti-cgt-msp430_16.9.4.LTS/bin/cl430" -vmsp --use_hw_mpy=none --advice:power=all --define=__MSP430G2553__ -g --printf_support=minimal --diag_warning=225 --diag_wrap=off --display_error_number -z -m"G2553.map" --heap_size=80 --stack_size=80 -i"C:/ti/ccsv7/ccs_base/msp430/include" -i"C:/ti/ccsv7/tools/compiler/ti-cgt-msp430_16.9.4.LTS/lib" -i"C:/ti/ccsv7/tools/compiler/ti-cgt-msp430_16.9.4.LTS/include" --reread_libs --diag_wrap=off --display_error_number --warn_sections --xml_link_info="G2553_linkInfo.xml" --use_hw_mpy=none --rom_model -o "G2553.out" "./main.obj" "../lnk_msp430g2553.cmd"  -llibc.a 
<Linking>
remark #10372-D: (ULP 4.1) Detected uninitialized Port 2 in this project. Recommend initializing all unused ports to eliminate wasted current consumption on unused pins.
remark #10372-D: (ULP 4.1) Detected uninitialized Port 3 in this project. Recommend initializing all unused ports to eliminate wasted current consumption on unused pins.
'Finished building target: G2553.out'
' '

**** Build Finished ****
